Parse Options successfully
[INFO] [2018-07-19 11:08:13] com.still.Automator.main(115) | Automator test started
[INFO] [2018-07-19 11:08:13] com.still.Appium.AppiumServer.start(28) | Starting Appium server
[INFO] [2018-07-19 11:08:15] com.still.Appium.AppiumServer.checkStatus(67) | {"status":0,"value":{"build":{"version":"1.8.1","revision":null}},"sessionId":null}
[INFO] [2018-07-19 11:08:15] com.still.Appium.AppiumServer.start(43) | Appium Server started
[INFO] [2018-07-19 11:08:15] com.still.AppTraversal.start(484) | Start testing apk: /Users/Still/Desktop/apk/weixin_1321.apk
[INFO] [2018-07-19 11:08:15] com.still.AppTraversal.start(485) | Package name: com.tencent.mm
[INFO] [2018-07-19 11:08:28] com.still.AppTraversal.start(489) | Apk installed!
[INFO] [2018-07-19 11:08:31] com.still.AppTraversal.start(491) | After 3 seconds
[INFO] [2018-07-19 11:08:32] com.still.AppTraversal.start(495) | Apk started!
[INFO] [2018-07-19 11:08:35] com.still.AppTraversal.start(497) | After 3 seconds
[INFO] [2018-07-19 11:08:37] com.still.AppTraversal.start(501) | currentPackage: com.tencent.mm
[INFO] [2018-07-19 11:08:37] com.still.AppTraversal.start(502) | currentActivity: 
[INFO] [2018-07-19 11:08:49] com.still.AppTraversal.start(507) | AppiumAgent started
[INFO] [2018-07-19 11:08:49] com.still.AppTraversal.start(511) | Traversal started
[INFO] [2018-07-19 11:08:49] com.still.AppTraversal$1.call(517) | Traversal start: 1 steps
[INFO] [2018-07-19 11:08:49] com.still.AppTraversal.traversal(306) | Steps:1
Jul 19, 2018 11:08:49 AM org.openqa.selenium.remote.RemoteWebDriver log
信息: Executing: findElements [57be4389-9e45-4027-8761-af4c789052ce, findElements {using=xpath, value=//*[@resource-id='com.android.packageinstaller:id/permission_allow_button']}]
[INFO] [2018-07-19 11:08:49] com.still.AppTraversal.traversal(311) | Permissions Allowed!
[INFO] [2018-07-19 11:08:49] com.still.AppTraversal.traversal(314) | Try Login
Jul 19, 2018 11:08:49 AM org.openqa.selenium.remote.RemoteWebDriver log
信息: Executed: [57be4389-9e45-4027-8761-af4c789052ce, findElements {using=xpath, value=//*[@resource-id='com.android.packageinstaller:id/permission_allow_button']}]
Jul 19, 2018 11:08:49 AM org.openqa.selenium.remote.RemoteWebDriver log
信息: Executing: findElements [57be4389-9e45-4027-8761-af4c789052ce, findElements {using=xpath, value=//*[contains(@text,'微信登录')]}]
Jul 19, 2018 11:08:49 AM org.openqa.selenium.remote.RemoteWebDriver log
信息: Executed: [57be4389-9e45-4027-8761-af4c789052ce, findElements {using=xpath, value=//*[contains(@text,'微信登录')]}]
Jul 19, 2018 11:08:49 AM org.openqa.selenium.remote.RemoteWebDriver log
信息: Executing: findElements [57be4389-9e45-4027-8761-af4c789052ce, findElements {using=xpath, value=//*[contains(@text,'QQ登录')]}]
Jul 19, 2018 11:08:49 AM org.openqa.selenium.remote.RemoteWebDriver log
信息: Executed: [57be4389-9e45-4027-8761-af4c789052ce, findElements {using=xpath, value=//*[contains(@text,'QQ登录')]}]
Jul 19, 2018 11:08:49 AM org.openqa.selenium.remote.RemoteWebDriver log
信息: Executing: findElements [57be4389-9e45-4027-8761-af4c789052ce, findElements {using=xpath, value=//*[contains(@text,'微博登录')]}]
Jul 19, 2018 11:08:49 AM org.openqa.selenium.remote.RemoteWebDriver log
信息: Executed: [57be4389-9e45-4027-8761-af4c789052ce, findElements {using=xpath, value=//*[contains(@text,'微博登录')]}]
Jul 19, 2018 11:08:49 AM org.openqa.selenium.remote.RemoteWebDriver log
信息: Executing: currentActivity [57be4389-9e45-4027-8761-af4c789052ce, currentActivity {}]
[INFO] [2018-07-19 11:08:49] com.still.AppTraversal.traversal(316) | Login Finished
Jul 19, 2018 11:08:49 AM org.openqa.selenium.remote.RemoteWebDriver log
信息: Executed: [57be4389-9e45-4027-8761-af4c789052ce, currentActivity {}]
Jul 19, 2018 11:08:49 AM org.openqa.selenium.remote.RemoteWebDriver log
信息: Executing: getPageSource [57be4389-9e45-4027-8761-af4c789052ce, getPageSource {}]
Jul 19, 2018 11:08:50 AM org.openqa.selenium.remote.RemoteWebDriver log
信息: Executed: [57be4389-9e45-4027-8761-af4c789052ce, getPageSource {}]
Jul 19, 2018 11:08:50 AM org.openqa.selenium.remote.RemoteWebDriver log
信息: Executing: screenshot [57be4389-9e45-4027-8761-af4c789052ce, screenshot {}]
Jul 19, 2018 11:08:51 AM org.openqa.selenium.remote.RemoteWebDriver log
信息: Executed: [57be4389-9e45-4027-8761-af4c789052ce, screenshot {}]
[INFO] [2018-07-19 11:08:51] com.still.AppTraversal.traversal(322) | Current at .ui.LauncherUI_d10310e8798d5c8ae932cbb853bf79ac
[INFO] [2018-07-19 11:08:51] com.still.AppTraversal.traversal(323) | Current at node1
[INFO] [2018-07-19 11:08:51] com.still.AppTraversal.traversal(324) | Current traversal depth is -1
com.tencent.mm : com.tencent.mm
Jul 19, 2018 11:08:53 AM org.openqa.selenium.remote.RemoteWebDriver log
信息: Executing: getPageSource [57be4389-9e45-4027-8761-af4c789052ce, getPageSource {}]
Jul 19, 2018 11:08:53 AM org.openqa.selenium.remote.RemoteWebDriver log
信息: Executed: [57be4389-9e45-4027-8761-af4c789052ce, getPageSource {}]
Jul 19, 2018 11:08:54 AM org.openqa.selenium.remote.RemoteWebDriver log
信息: Executing: screenshot [57be4389-9e45-4027-8761-af4c789052ce, screenshot {}]
Jul 19, 2018 11:08:55 AM org.openqa.selenium.remote.RemoteWebDriver log
信息: Executed: [57be4389-9e45-4027-8761-af4c789052ce, screenshot {}]
[INFO] [2018-07-19 11:08:55] com.still.AppTraversal.traversal(343) | pageSourceMap add currentView.ui.LauncherUI_d10310e8798d5c8ae932cbb853bf79ac
Jul 19, 2018 11:08:55 AM org.openqa.selenium.remote.RemoteWebDriver log
信息: Executing: currentActivity [57be4389-9e45-4027-8761-af4c789052ce, currentActivity {}]
Jul 19, 2018 11:08:55 AM org.openqa.selenium.remote.RemoteWebDriver log
信息: Executed: [57be4389-9e45-4027-8761-af4c789052ce, currentActivity {}]
Jul 19, 2018 11:08:55 AM org.openqa.selenium.remote.RemoteWebDriver log
信息: Executing: getPageSource [57be4389-9e45-4027-8761-af4c789052ce, getPageSource {}]
Jul 19, 2018 11:08:55 AM org.openqa.selenium.remote.RemoteWebDriver log
信息: Executed: [57be4389-9e45-4027-8761-af4c789052ce, getPageSource {}]
Jul 19, 2018 11:08:55 AM org.openqa.selenium.remote.RemoteWebDriver log
信息: Executing: findElements [57be4389-9e45-4027-8761-af4c789052ce, findElements {using=xpath, value=//*[@clickable='true']}]
Jul 19, 2018 11:08:55 AM org.openqa.selenium.remote.RemoteWebDriver log
信息: Executed: [57be4389-9e45-4027-8761-af4c789052ce, findElements {using=xpath, value=//*[@clickable='true']}]
Jul 19, 2018 11:08:55 AM org.openqa.selenium.remote.RemoteWebDriver log
信息: Executing: getElementText [57be4389-9e45-4027-8761-af4c789052ce, getElementText {id=1}]
Jul 19, 2018 11:08:55 AM org.openqa.selenium.remote.RemoteWebDriver log
信息: Executed: [57be4389-9e45-4027-8761-af4c789052ce, getElementText {id=1}]
Jul 19, 2018 11:08:55 AM org.openqa.selenium.remote.RemoteWebDriver log
信息: Executing: getElementTagName [57be4389-9e45-4027-8761-af4c789052ce, getElementTagName {id=1}]
Jul 19, 2018 11:08:55 AM org.openqa.selenium.remote.RemoteWebDriver log
信息: Executed: [57be4389-9e45-4027-8761-af4c789052ce, getElementTagName {id=1}]
Jul 19, 2018 11:08:55 AM org.openqa.selenium.remote.RemoteWebDriver log
信息: Executing: getElementAttribute [57be4389-9e45-4027-8761-af4c789052ce, getElementAttribute {id=1, name=resourceId}]
Jul 19, 2018 11:08:55 AM org.openqa.selenium.remote.RemoteWebDriver log
信息: Executed: [57be4389-9e45-4027-8761-af4c789052ce, getElementAttribute {id=1, name=resourceId}]
Jul 19, 2018 11:08:55 AM org.openqa.selenium.remote.RemoteWebDriver log
信息: Executing: getElementAttribute [57be4389-9e45-4027-8761-af4c789052ce, getElementAttribute {id=1, name=name}]
Jul 19, 2018 11:08:55 AM org.openqa.selenium.remote.RemoteWebDriver log
信息: Executed: [57be4389-9e45-4027-8761-af4c789052ce, getElementAttribute {id=1, name=name}]
Jul 19, 2018 11:08:55 AM org.openqa.selenium.remote.RemoteWebDriver log
信息: Executing: getElementText [57be4389-9e45-4027-8761-af4c789052ce, getElementText {id=2}]
Jul 19, 2018 11:08:55 AM org.openqa.selenium.remote.RemoteWebDriver log
信息: Executed: [57be4389-9e45-4027-8761-af4c789052ce, getElementText {id=2}]
Jul 19, 2018 11:08:55 AM org.openqa.selenium.remote.RemoteWebDriver log
信息: Executing: getElementTagName [57be4389-9e45-4027-8761-af4c789052ce, getElementTagName {id=2}]
Jul 19, 2018 11:08:55 AM org.openqa.selenium.remote.RemoteWebDriver log
信息: Executed: [57be4389-9e45-4027-8761-af4c789052ce, getElementTagName {id=2}]
Jul 19, 2018 11:08:55 AM org.openqa.selenium.remote.RemoteWebDriver log
信息: Executing: getElementAttribute [57be4389-9e45-4027-8761-af4c789052ce, getElementAttribute {id=2, name=resourceId}]
Jul 19, 2018 11:08:55 AM org.openqa.selenium.remote.RemoteWebDriver log
信息: Executed: [57be4389-9e45-4027-8761-af4c789052ce, getElementAttribute {id=2, name=resourceId}]
Jul 19, 2018 11:08:55 AM org.openqa.selenium.remote.RemoteWebDriver log
信息: Executing: getElementAttribute [57be4389-9e45-4027-8761-af4c789052ce, getElementAttribute {id=2, name=name}]
Jul 19, 2018 11:08:55 AM org.openqa.selenium.remote.RemoteWebDriver log
信息: Executed: [57be4389-9e45-4027-8761-af4c789052ce, getElementAttribute {id=2, name=name}]
Jul 19, 2018 11:08:55 AM org.openqa.selenium.remote.RemoteWebDriver log
信息: Executing: getElementText [57be4389-9e45-4027-8761-af4c789052ce, getElementText {id=3}]
Jul 19, 2018 11:08:56 AM org.openqa.selenium.remote.RemoteWebDriver log
信息: Executed: [57be4389-9e45-4027-8761-af4c789052ce, getElementText {id=3}]
Jul 19, 2018 11:08:56 AM org.openqa.selenium.remote.RemoteWebDriver log
信息: Executing: getElementTagName [57be4389-9e45-4027-8761-af4c789052ce, getElementTagName {id=3}]
Jul 19, 2018 11:08:56 AM org.openqa.selenium.remote.RemoteWebDriver log
信息: Executed: [57be4389-9e45-4027-8761-af4c789052ce, getElementTagName {id=3}]
Jul 19, 2018 11:08:56 AM org.openqa.selenium.remote.RemoteWebDriver log
信息: Executing: getElementAttribute [57be4389-9e45-4027-8761-af4c789052ce, getElementAttribute {id=3, name=resourceId}]
Jul 19, 2018 11:08:56 AM org.openqa.selenium.remote.RemoteWebDriver log
信息: Executed: [57be4389-9e45-4027-8761-af4c789052ce, getElementAttribute {id=3, name=resourceId}]
Jul 19, 2018 11:08:56 AM org.openqa.selenium.remote.RemoteWebDriver log
信息: Executing: getElementAttribute [57be4389-9e45-4027-8761-af4c789052ce, getElementAttribute {id=3, name=name}]
Jul 19, 2018 11:08:56 AM org.openqa.selenium.remote.RemoteWebDriver log
信息: Executed: [57be4389-9e45-4027-8761-af4c789052ce, getElementAttribute {id=3, name=name}]
Jul 19, 2018 11:08:56 AM org.openqa.selenium.remote.RemoteWebDriver log
信息: Executing: clickElement [57be4389-9e45-4027-8761-af4c789052ce, clickElement {id=1}]
[INFO] [2018-07-19 11:08:56] com.still.AppTraversal.traversal(356) | 3 clickable elements found on view
[INFO] [2018-07-19 11:08:56] com.still.AppTraversal.traversal(365) | Click Tag:android.widget.Button;Text:登录;resourceId:;contentDesc:登录;
Jul 19, 2018 11:08:56 AM org.openqa.selenium.remote.RemoteWebDriver log
信息: Executed: [57be4389-9e45-4027-8761-af4c789052ce, clickElement {id=1}]
Jul 19, 2018 11:08:59 AM org.openqa.selenium.remote.RemoteWebDriver log
信息: Executing: findElements [57be4389-9e45-4027-8761-af4c789052ce, findElements {using=xpath, value=//*[@resource-id='com.android.packageinstaller:id/permission_allow_button']}]
Jul 19, 2018 11:08:59 AM org.openqa.selenium.remote.RemoteWebDriver log
信息: Executed: [57be4389-9e45-4027-8761-af4c789052ce, findElements {using=xpath, value=//*[@resource-id='com.android.packageinstaller:id/permission_allow_button']}]
Jul 19, 2018 11:08:59 AM org.openqa.selenium.remote.RemoteWebDriver log
信息: Executing: findElements [57be4389-9e45-4027-8761-af4c789052ce, findElements {using=xpath, value=//*[contains(@text,'微信登录')]}]
Jul 19, 2018 11:08:59 AM org.openqa.selenium.remote.RemoteWebDriver log
信息: Executed: [57be4389-9e45-4027-8761-af4c789052ce, findElements {using=xpath, value=//*[contains(@text,'微信登录')]}]
Jul 19, 2018 11:08:59 AM org.openqa.selenium.remote.RemoteWebDriver log
信息: Executing: findElements [57be4389-9e45-4027-8761-af4c789052ce, findElements {using=xpath, value=//*[contains(@text,'QQ登录')]}]
Jul 19, 2018 11:08:59 AM org.openqa.selenium.remote.RemoteWebDriver log
信息: Executed: [57be4389-9e45-4027-8761-af4c789052ce, findElements {using=xpath, value=//*[contains(@text,'QQ登录')]}]
Jul 19, 2018 11:08:59 AM org.openqa.selenium.remote.RemoteWebDriver log
信息: Executing: findElements [57be4389-9e45-4027-8761-af4c789052ce, findElements {using=xpath, value=//*[contains(@text,'微博登录')]}]
Jul 19, 2018 11:08:59 AM org.openqa.selenium.remote.RemoteWebDriver log
信息: Executed: [57be4389-9e45-4027-8761-af4c789052ce, findElements {using=xpath, value=//*[contains(@text,'微博登录')]}]
Jul 19, 2018 11:08:59 AM org.openqa.selenium.remote.RemoteWebDriver log
信息: Executing: currentActivity [57be4389-9e45-4027-8761-af4c789052ce, currentActivity {}]
Jul 19, 2018 11:09:00 AM org.openqa.selenium.remote.RemoteWebDriver log
信息: Executed: [57be4389-9e45-4027-8761-af4c789052ce, currentActivity {}]
Jul 19, 2018 11:09:00 AM org.openqa.selenium.remote.RemoteWebDriver log
信息: Executing: getPageSource [57be4389-9e45-4027-8761-af4c789052ce, getPageSource {}]
Jul 19, 2018 11:09:00 AM org.openqa.selenium.remote.RemoteWebDriver log
信息: Executed: [57be4389-9e45-4027-8761-af4c789052ce, getPageSource {}]
[INFO] [2018-07-19 11:09:00] com.still.AppTraversal.traversal(379) | Jumped to view .plugin.account.ui.MobileInputUI_ecff26ab335497730de1bf5e72dbc0d8
[INFO] [2018-07-19 11:09:01] com.still.AppTraversal.traversal(306) | Steps:0
Jul 19, 2018 11:09:01 AM org.openqa.selenium.remote.RemoteWebDriver log
信息: Executing: currentActivity [57be4389-9e45-4027-8761-af4c789052ce, currentActivity {}]
Jul 19, 2018 11:09:01 AM org.openqa.selenium.remote.RemoteWebDriver log
信息: Executed: [57be4389-9e45-4027-8761-af4c789052ce, currentActivity {}]
Jul 19, 2018 11:09:01 AM org.openqa.selenium.remote.RemoteWebDriver log
信息: Executing: getPageSource [57be4389-9e45-4027-8761-af4c789052ce, getPageSource {}]
Jul 19, 2018 11:09:01 AM org.openqa.selenium.remote.RemoteWebDriver log
信息: Executed: [57be4389-9e45-4027-8761-af4c789052ce, getPageSource {}]
[INFO] [2018-07-19 11:09:01] com.still.AppTraversal.back(449) | Back
Jul 19, 2018 11:09:01 AM org.openqa.selenium.remote.RemoteWebDriver log
信息: Executing: goBack [57be4389-9e45-4027-8761-af4c789052ce, goBack {}]
Jul 19, 2018 11:09:02 AM org.openqa.selenium.remote.RemoteWebDriver log
信息: Executed: [57be4389-9e45-4027-8761-af4c789052ce, goBack {}]
Jul 19, 2018 11:09:02 AM org.openqa.selenium.remote.RemoteWebDriver log
信息: Executing: currentActivity [57be4389-9e45-4027-8761-af4c789052ce, currentActivity {}]
Jul 19, 2018 11:09:02 AM org.openqa.selenium.remote.RemoteWebDriver log
信息: Executed: [57be4389-9e45-4027-8761-af4c789052ce, currentActivity {}]
Jul 19, 2018 11:09:02 AM org.openqa.selenium.remote.RemoteWebDriver log
信息: Executing: getPageSource [57be4389-9e45-4027-8761-af4c789052ce, getPageSource {}]
[INFO] [2018-07-19 11:09:02] com.still.AppTraversal.traversal(403) | View after back: .ui.LauncherUI_d10310e8798d5c8ae932cbb853bf79ac
Jul 19, 2018 11:09:02 AM org.openqa.selenium.remote.RemoteWebDriver log
信息: Executed: [57be4389-9e45-4027-8761-af4c789052ce, getPageSource {}]
Jul 19, 2018 11:09:02 AM org.openqa.selenium.remote.RemoteWebDriver log
信息: Executing: currentActivity [57be4389-9e45-4027-8761-af4c789052ce, currentActivity {}]
Jul 19, 2018 11:09:02 AM org.openqa.selenium.remote.RemoteWebDriver log
信息: Executed: [57be4389-9e45-4027-8761-af4c789052ce, currentActivity {}]
Jul 19, 2018 11:09:02 AM org.openqa.selenium.remote.RemoteWebDriver log
信息: Executing: getPageSource [57be4389-9e45-4027-8761-af4c789052ce, getPageSource {}]
Jul 19, 2018 11:09:02 AM org.openqa.selenium.remote.RemoteWebDriver log
信息: Executed: [57be4389-9e45-4027-8761-af4c789052ce, getPageSource {}]
Jul 19, 2018 11:09:02 AM org.openqa.selenium.remote.RemoteWebDriver log
信息: Executing: currentActivity [57be4389-9e45-4027-8761-af4c789052ce, currentActivity {}]
Jul 19, 2018 11:09:02 AM org.openqa.selenium.remote.RemoteWebDriver log
信息: Executed: [57be4389-9e45-4027-8761-af4c789052ce, currentActivity {}]
Jul 19, 2018 11:09:02 AM org.openqa.selenium.remote.RemoteWebDriver log
信息: Executing: getPageSource [57be4389-9e45-4027-8761-af4c789052ce, getPageSource {}]
[INFO] [2018-07-19 11:09:02] com.still.AppTraversal.traversal(365) | Click Tag:android.widget.Button;Text:注册;resourceId:;contentDesc:注册;
Jul 19, 2018 11:09:02 AM org.openqa.selenium.remote.RemoteWebDriver log
信息: Executed: [57be4389-9e45-4027-8761-af4c789052ce, getPageSource {}]
Jul 19, 2018 11:09:02 AM org.openqa.selenium.remote.RemoteWebDriver log
信息: Executing: clickElement [57be4389-9e45-4027-8761-af4c789052ce, clickElement {id=2}]
Jul 19, 2018 11:09:03 AM org.openqa.selenium.remote.RemoteWebDriver log
信息: Executed: [57be4389-9e45-4027-8761-af4c789052ce, clickElement {id=2}]
Jul 19, 2018 11:09:06 AM org.openqa.selenium.remote.RemoteWebDriver log
信息: Executing: findElements [57be4389-9e45-4027-8761-af4c789052ce, findElements {using=xpath, value=//*[@resource-id='com.android.packageinstaller:id/permission_allow_button']}]
Jul 19, 2018 11:09:06 AM org.openqa.selenium.remote.RemoteWebDriver log
信息: Executed: [57be4389-9e45-4027-8761-af4c789052ce, findElements {using=xpath, value=//*[@resource-id='com.android.packageinstaller:id/permission_allow_button']}]
Jul 19, 2018 11:09:06 AM org.openqa.selenium.remote.RemoteWebDriver log
信息: Executing: findElements [57be4389-9e45-4027-8761-af4c789052ce, findElements {using=xpath, value=//*[contains(@text,'微信登录')]}]
Jul 19, 2018 11:09:06 AM org.openqa.selenium.remote.RemoteWebDriver log
信息: Executed: [57be4389-9e45-4027-8761-af4c789052ce, findElements {using=xpath, value=//*[contains(@text,'微信登录')]}]
Jul 19, 2018 11:09:06 AM org.openqa.selenium.remote.RemoteWebDriver log
信息: Executing: findElements [57be4389-9e45-4027-8761-af4c789052ce, findElements {using=xpath, value=//*[contains(@text,'QQ登录')]}]
Jul 19, 2018 11:09:06 AM org.openqa.selenium.remote.RemoteWebDriver log
信息: Executed: [57be4389-9e45-4027-8761-af4c789052ce, findElements {using=xpath, value=//*[contains(@text,'QQ登录')]}]
Jul 19, 2018 11:09:06 AM org.openqa.selenium.remote.RemoteWebDriver log
信息: Executing: findElements [57be4389-9e45-4027-8761-af4c789052ce, findElements {using=xpath, value=//*[contains(@text,'微博登录')]}]
Jul 19, 2018 11:09:06 AM org.openqa.selenium.remote.RemoteWebDriver log
信息: Executed: [57be4389-9e45-4027-8761-af4c789052ce, findElements {using=xpath, value=//*[contains(@text,'微博登录')]}]
Jul 19, 2018 11:09:06 AM org.openqa.selenium.remote.RemoteWebDriver log
信息: Executing: currentActivity [57be4389-9e45-4027-8761-af4c789052ce, currentActivity {}]
Jul 19, 2018 11:09:06 AM org.openqa.selenium.remote.RemoteWebDriver log
信息: Executed: [57be4389-9e45-4027-8761-af4c789052ce, currentActivity {}]
Jul 19, 2018 11:09:06 AM org.openqa.selenium.remote.RemoteWebDriver log
信息: Executing: getPageSource [57be4389-9e45-4027-8761-af4c789052ce, getPageSource {}]
Jul 19, 2018 11:09:06 AM org.openqa.selenium.remote.RemoteWebDriver log
信息: Executed: [57be4389-9e45-4027-8761-af4c789052ce, getPageSource {}]
[INFO] [2018-07-19 11:09:06] com.still.AppTraversal.traversal(379) | Jumped to view .plugin.account.ui.RegByMobileRegAIOUI_9c48a85149457f3c0b83be351cba5849
[INFO] [2018-07-19 11:09:07] com.still.AppTraversal.traversal(306) | Steps:0
Jul 19, 2018 11:09:07 AM org.openqa.selenium.remote.RemoteWebDriver log
信息: Executing: currentActivity [57be4389-9e45-4027-8761-af4c789052ce, currentActivity {}]
Jul 19, 2018 11:09:07 AM org.openqa.selenium.remote.RemoteWebDriver log
信息: Executed: [57be4389-9e45-4027-8761-af4c789052ce, currentActivity {}]
Jul 19, 2018 11:09:07 AM org.openqa.selenium.remote.RemoteWebDriver log
信息: Executing: getPageSource [57be4389-9e45-4027-8761-af4c789052ce, getPageSource {}]
Jul 19, 2018 11:09:07 AM org.openqa.selenium.remote.RemoteWebDriver log
信息: Executed: [57be4389-9e45-4027-8761-af4c789052ce, getPageSource {}]
[INFO] [2018-07-19 11:09:07] com.still.AppTraversal.back(449) | Back
Jul 19, 2018 11:09:07 AM org.openqa.selenium.remote.RemoteWebDriver log
信息: Executing: goBack [57be4389-9e45-4027-8761-af4c789052ce, goBack {}]
Jul 19, 2018 11:09:08 AM org.openqa.selenium.remote.RemoteWebDriver log
信息: Executed: [57be4389-9e45-4027-8761-af4c789052ce, goBack {}]
Jul 19, 2018 11:09:08 AM org.openqa.selenium.remote.RemoteWebDriver log
信息: Executing: currentActivity [57be4389-9e45-4027-8761-af4c789052ce, currentActivity {}]
Jul 19, 2018 11:09:09 AM org.openqa.selenium.remote.RemoteWebDriver log
信息: Executed: [57be4389-9e45-4027-8761-af4c789052ce, currentActivity {}]
Jul 19, 2018 11:09:09 AM org.openqa.selenium.remote.RemoteWebDriver log
信息: Executing: getPageSource [57be4389-9e45-4027-8761-af4c789052ce, getPageSource {}]
Jul 19, 2018 11:09:09 AM org.openqa.selenium.remote.RemoteWebDriver log
信息: Executed: [57be4389-9e45-4027-8761-af4c789052ce, getPageSource {}]
[INFO] [2018-07-19 11:09:09] com.still.AppTraversal.traversal(403) | View after back: .ui.LauncherUI_d10310e8798d5c8ae932cbb853bf79ac
Jul 19, 2018 11:09:09 AM org.openqa.selenium.remote.RemoteWebDriver log
信息: Executing: currentActivity [57be4389-9e45-4027-8761-af4c789052ce, currentActivity {}]
Jul 19, 2018 11:09:09 AM org.openqa.selenium.remote.RemoteWebDriver log
信息: Executed: [57be4389-9e45-4027-8761-af4c789052ce, currentActivity {}]
Jul 19, 2018 11:09:09 AM org.openqa.selenium.remote.RemoteWebDriver log
信息: Executing: getPageSource [57be4389-9e45-4027-8761-af4c789052ce, getPageSource {}]
Jul 19, 2018 11:09:09 AM org.openqa.selenium.remote.RemoteWebDriver log
信息: Executed: [57be4389-9e45-4027-8761-af4c789052ce, getPageSource {}]
Jul 19, 2018 11:09:09 AM org.openqa.selenium.remote.RemoteWebDriver log
信息: Executing: currentActivity [57be4389-9e45-4027-8761-af4c789052ce, currentActivity {}]
Jul 19, 2018 11:09:09 AM org.openqa.selenium.remote.RemoteWebDriver log
信息: Executed: [57be4389-9e45-4027-8761-af4c789052ce, currentActivity {}]
Jul 19, 2018 11:09:09 AM org.openqa.selenium.remote.RemoteWebDriver log
信息: Executing: getPageSource [57be4389-9e45-4027-8761-af4c789052ce, getPageSource {}]
Jul 19, 2018 11:09:09 AM org.openqa.selenium.remote.RemoteWebDriver log
信息: Executed: [57be4389-9e45-4027-8761-af4c789052ce, getPageSource {}]
Jul 19, 2018 11:09:09 AM org.openqa.selenium.remote.RemoteWebDriver log
信息: Executing: clickElement [57be4389-9e45-4027-8761-af4c789052ce, clickElement {id=3}]
[INFO] [2018-07-19 11:09:09] com.still.AppTraversal.traversal(365) | Click Tag:android.widget.TextView;Text:语言;resourceId:;contentDesc:语言;
Jul 19, 2018 11:09:09 AM org.openqa.selenium.remote.RemoteWebDriver log
信息: Executed: [57be4389-9e45-4027-8761-af4c789052ce, clickElement {id=3}]
Jul 19, 2018 11:09:12 AM org.openqa.selenium.remote.RemoteWebDriver log
信息: Executing: findElements [57be4389-9e45-4027-8761-af4c789052ce, findElements {using=xpath, value=//*[@resource-id='com.android.packageinstaller:id/permission_allow_button']}]
Jul 19, 2018 11:09:12 AM org.openqa.selenium.remote.RemoteWebDriver log
信息: Executed: [57be4389-9e45-4027-8761-af4c789052ce, findElements {using=xpath, value=//*[@resource-id='com.android.packageinstaller:id/permission_allow_button']}]
Jul 19, 2018 11:09:12 AM org.openqa.selenium.remote.RemoteWebDriver log
信息: Executing: findElements [57be4389-9e45-4027-8761-af4c789052ce, findElements {using=xpath, value=//*[contains(@text,'微信登录')]}]
Jul 19, 2018 11:09:12 AM org.openqa.selenium.remote.RemoteWebDriver log
信息: Executed: [57be4389-9e45-4027-8761-af4c789052ce, findElements {using=xpath, value=//*[contains(@text,'微信登录')]}]
Jul 19, 2018 11:09:12 AM org.openqa.selenium.remote.RemoteWebDriver log
信息: Executing: findElements [57be4389-9e45-4027-8761-af4c789052ce, findElements {using=xpath, value=//*[contains(@text,'QQ登录')]}]
Jul 19, 2018 11:09:13 AM org.openqa.selenium.remote.RemoteWebDriver log
信息: Executed: [57be4389-9e45-4027-8761-af4c789052ce, findElements {using=xpath, value=//*[contains(@text,'QQ登录')]}]
Jul 19, 2018 11:09:13 AM org.openqa.selenium.remote.RemoteWebDriver log
信息: Executing: findElements [57be4389-9e45-4027-8761-af4c789052ce, findElements {using=xpath, value=//*[contains(@text,'微博登录')]}]
Jul 19, 2018 11:09:13 AM org.openqa.selenium.remote.RemoteWebDriver log
信息: Executed: [57be4389-9e45-4027-8761-af4c789052ce, findElements {using=xpath, value=//*[contains(@text,'微博登录')]}]
Jul 19, 2018 11:09:13 AM org.openqa.selenium.remote.RemoteWebDriver log
信息: Executing: currentActivity [57be4389-9e45-4027-8761-af4c789052ce, currentActivity {}]
Jul 19, 2018 11:09:13 AM org.openqa.selenium.remote.RemoteWebDriver log
信息: Executed: [57be4389-9e45-4027-8761-af4c789052ce, currentActivity {}]
Jul 19, 2018 11:09:13 AM org.openqa.selenium.remote.RemoteWebDriver log
信息: Executing: getPageSource [57be4389-9e45-4027-8761-af4c789052ce, getPageSource {}]
Jul 19, 2018 11:09:13 AM org.openqa.selenium.remote.RemoteWebDriver log
信息: Executed: [57be4389-9e45-4027-8761-af4c789052ce, getPageSource {}]
[INFO] [2018-07-19 11:09:13] com.still.AppTraversal.traversal(379) | Jumped to view .plugin.setting.ui.setting.SettingsLanguageUI_f00b47388acdbd6753f8b47a1f9259c1
[INFO] [2018-07-19 11:09:14] com.still.AppTraversal.traversal(306) | Steps:0
Jul 19, 2018 11:09:14 AM org.openqa.selenium.remote.RemoteWebDriver log
信息: Executing: currentActivity [57be4389-9e45-4027-8761-af4c789052ce, currentActivity {}]
Jul 19, 2018 11:09:14 AM org.openqa.selenium.remote.RemoteWebDriver log
信息: Executed: [57be4389-9e45-4027-8761-af4c789052ce, currentActivity {}]
Jul 19, 2018 11:09:14 AM org.openqa.selenium.remote.RemoteWebDriver log
信息: Executing: getPageSource [57be4389-9e45-4027-8761-af4c789052ce, getPageSource {}]
Jul 19, 2018 11:09:14 AM org.openqa.selenium.remote.RemoteWebDriver log
信息: Executed: [57be4389-9e45-4027-8761-af4c789052ce, getPageSource {}]
Jul 19, 2018 11:09:14 AM org.openqa.selenium.remote.RemoteWebDriver log
信息: Executing: goBack [57be4389-9e45-4027-8761-af4c789052ce, goBack {}]
[INFO] [2018-07-19 11:09:14] com.still.AppTraversal.back(449) | Back
Jul 19, 2018 11:09:15 AM org.openqa.selenium.remote.RemoteWebDriver log
信息: Executed: [57be4389-9e45-4027-8761-af4c789052ce, goBack {}]
Jul 19, 2018 11:09:15 AM org.openqa.selenium.remote.RemoteWebDriver log
信息: Executing: currentActivity [57be4389-9e45-4027-8761-af4c789052ce, currentActivity {}]
Jul 19, 2018 11:09:15 AM org.openqa.selenium.remote.RemoteWebDriver log
信息: Executed: [57be4389-9e45-4027-8761-af4c789052ce, currentActivity {}]
Jul 19, 2018 11:09:15 AM org.openqa.selenium.remote.RemoteWebDriver log
信息: Executing: getPageSource [57be4389-9e45-4027-8761-af4c789052ce, getPageSource {}]
Jul 19, 2018 11:09:15 AM org.openqa.selenium.remote.RemoteWebDriver log
信息: Executed: [57be4389-9e45-4027-8761-af4c789052ce, getPageSource {}]
[INFO] [2018-07-19 11:09:15] com.still.AppTraversal.traversal(403) | View after back: .ui.LauncherUI_d10310e8798d5c8ae932cbb853bf79ac
Jul 19, 2018 11:09:15 AM org.openqa.selenium.remote.RemoteWebDriver log
信息: Executing: currentActivity [57be4389-9e45-4027-8761-af4c789052ce, currentActivity {}]
Jul 19, 2018 11:09:15 AM org.openqa.selenium.remote.RemoteWebDriver log
信息: Executed: [57be4389-9e45-4027-8761-af4c789052ce, currentActivity {}]
Jul 19, 2018 11:09:15 AM org.openqa.selenium.remote.RemoteWebDriver log
信息: Executing: getPageSource [57be4389-9e45-4027-8761-af4c789052ce, getPageSource {}]
Jul 19, 2018 11:09:15 AM org.openqa.selenium.remote.RemoteWebDriver log
信息: Executed: [57be4389-9e45-4027-8761-af4c789052ce, getPageSource {}]
Jul 19, 2018 11:09:15 AM org.openqa.selenium.remote.RemoteWebDriver log
信息: Executing: currentActivity [57be4389-9e45-4027-8761-af4c789052ce, currentActivity {}]
Jul 19, 2018 11:09:15 AM org.openqa.selenium.remote.RemoteWebDriver log
信息: Executed: [57be4389-9e45-4027-8761-af4c789052ce, currentActivity {}]
Jul 19, 2018 11:09:15 AM org.openqa.selenium.remote.RemoteWebDriver log
信息: Executing: getPageSource [57be4389-9e45-4027-8761-af4c789052ce, getPageSource {}]
Jul 19, 2018 11:09:15 AM org.openqa.selenium.remote.RemoteWebDriver log
信息: Executed: [57be4389-9e45-4027-8761-af4c789052ce, getPageSource {}]
Jul 19, 2018 11:09:15 AM org.openqa.selenium.remote.RemoteWebDriver log
信息: Executing: currentActivity [57be4389-9e45-4027-8761-af4c789052ce, currentActivity {}]
Jul 19, 2018 11:09:15 AM org.openqa.selenium.remote.RemoteWebDriver log
信息: Executed: [57be4389-9e45-4027-8761-af4c789052ce, currentActivity {}]
Jul 19, 2018 11:09:15 AM org.openqa.selenium.remote.RemoteWebDriver log
信息: Executing: getPageSource [57be4389-9e45-4027-8761-af4c789052ce, getPageSource {}]
Jul 19, 2018 11:09:15 AM org.openqa.selenium.remote.RemoteWebDriver log
信息: Executed: [57be4389-9e45-4027-8761-af4c789052ce, getPageSource {}]
Jul 19, 2018 11:09:15 AM org.openqa.selenium.remote.RemoteWebDriver log
信息: Executing: goBack [57be4389-9e45-4027-8761-af4c789052ce, goBack {}]
[INFO] [2018-07-19 11:09:15] com.still.AppTraversal.back(449) | Back
[INFO] [2018-07-19 11:09:16] com.still.AppTraversal$1.call(519) | Traversal stop: 1 steps
Jul 19, 2018 11:09:16 AM org.openqa.selenium.remote.RemoteWebDriver log
[INFO] [2018-07-19 11:09:16] com.still.AppTraversal.restartApp(454) | Restart App
信息: Executed: [57be4389-9e45-4027-8761-af4c789052ce, goBack {}]
Jul 19, 2018 11:09:16 AM org.openqa.selenium.remote.RemoteWebDriver log
信息: Executing: reset [57be4389-9e45-4027-8761-af4c789052ce, reset {}]
[INFO] [2018-07-19 11:09:21] com.still.AppTraversal.start(551) | Take screenShot on quit
[WARN] [2018-07-19 11:09:21] com.still.Utils.LogUtils.printException(28) | org.openqa.selenium.remote.SessionNotFoundException: A session is either terminated or not started (WARNING: The server did not provide any stacktrace information)
Command duration or timeout: 5 milliseconds
Build info: version: '2.52.0', revision: '4c2593cfc3689a7fcd7be52549167e5ccc93ad28', time: '2016-02-11 11:22:43'
System info: host: 'linxin.local', ip: '10.222.247.137', os.name: 'Mac OS X', os.arch: 'x86_64', os.version: '10.13.6', java.version: '1.8.0_121'
Driver info: io.appium.java_client.android.AndroidDriver
Capabilities [{app=/Users/Still/Desktop/apk/weixin_1321.apk, appPackage=com.tencent.mm, deviceScreenSize=1080x2160, networkConnectionEnabled=true, warnings={}, appWaitPackage=com.tencent.mm, appWaitActivity=com.tencent.mm.ui.LauncherUI, databaseEnabled=false, deviceName=a9240e7e, platform=LINUX, deviceUDID=a9240e7e, appActivity=com.tencent.mm.ui.LauncherUI, desired={app=/Users/Still/Desktop/apk/weixin_1321.apk, platformVersion=8.1.0, appWaitPackage=com.tencent.mm, appWaitActivity=, platformName=Android, deviceName=OnePlus 5T}, platformVersion=8.1.0, webStorageEnabled=false, locationContextEnabled=false, takesScreenshot=true, javascriptEnabled=true, deviceModel=ONEPLUS A5010, platformName=Android, deviceManufacturer=OnePlus}]
Session ID: 57be4389-9e45-4027-8761-af4c789052ce
	at sun.reflect.NativeConstructorAccessorImpl.newInstance0(Native Method)
	at sun.reflect.NativeConstructorAccessorImpl.newInstance(NativeConstructorAccessorImpl.java:62)
	at sun.reflect.DelegatingConstructorAccessorImpl.newInstance(DelegatingConstructorAccessorImpl.java:45)
	at java.lang.reflect.Constructor.newInstance(Constructor.java:423)
	at org.openqa.selenium.remote.ErrorHandler.createThrowable(ErrorHandler.java:206)
	at org.openqa.selenium.remote.ErrorHandler.throwIfResponseFailed(ErrorHandler.java:164)
	at org.openqa.selenium.remote.RemoteWebDriver.execute(RemoteWebDriver.java:678)
	at io.appium.java_client.DefaultGenericMobileDriver.execute(DefaultGenericMobileDriver.java:42)
	at io.appium.java_client.AppiumDriver.execute(AppiumDriver.java:207)
	at org.openqa.selenium.remote.RemoteWebDriver.getScreenshotAs(RemoteWebDriver.java:335)
	at com.still.Appium.AppiumAgent.takeScreenShot(AppiumAgent.java:49)
	at com.still.AppTraversal.start(AppTraversal.java:553)
	at com.still.TravelMonitor.onReceive(AppTraversal.java:634)
	at akka.actor.UntypedAbstractActor$$anonfun$receive$1.applyOrElse(AbstractActor.scala:291)
	at akka.actor.Actor.aroundReceive(Actor.scala:517)
	at akka.actor.Actor.aroundReceive$(Actor.scala:515)
	at akka.actor.AbstractActor.aroundReceive(AbstractActor.scala:180)
	at akka.actor.ActorCell.receiveMessage(ActorCell.scala:588)
	at akka.actor.ActorCell.invoke(ActorCell.scala:557)
	at akka.dispatch.Mailbox.processMailbox(Mailbox.scala:258)
	at akka.dispatch.Mailbox.run(Mailbox.scala:225)
	at akka.dispatch.Mailbox.exec(Mailbox.scala:235)
	at akka.dispatch.forkjoin.ForkJoinTask.doExec(ForkJoinTask.java:260)
	at akka.dispatch.forkjoin.ForkJoinPool$WorkQueue.runTask(ForkJoinPool.java:1339)
	at akka.dispatch.forkjoin.ForkJoinPool.runWorker(ForkJoinPool.java:1979)
	at akka.dispatch.forkjoin.ForkJoinWorkerThread.run(ForkJoinWorkerThread.java:107)

[INFO] [07/19/2018 11:09:21.449] [Automator-akka.actor.default-dispatcher-5] [akka://Automator/user/$a] Message [com.still.TravelRS] from Actor[akka://Automator/user/$a/$a#1889713561] to Actor[akka://Automator/user/$a#-427662452] was not delivered. [1] dead letters encountered. If this is not an expected behavior, then [Actor[akka://Automator/user/$a#-427662452]] may have terminated unexpectedly, This logging can be turned off or adjusted with configuration settings 'akka.log-dead-letters' and 'akka.log-dead-letters-during-shutdown'.
[INFO] [07/19/2018 11:09:21.449] [Automator-akka.actor.default-dispatcher-5] [akka://Automator/user/$a] Message [com.still.NextApk] from Actor[akka://Automator/user/$a/$a#1889713561] to Actor[akka://Automator/user/$a#-427662452] was not delivered. [2] dead letters encountered. If this is not an expected behavior, then [Actor[akka://Automator/user/$a#-427662452]] may have terminated unexpectedly, This logging can be turned off or adjusted with configuration settings 'akka.log-dead-letters' and 'akka.log-dead-letters-during-shutdown'.
akka.pattern.AskTimeoutException: Ask timed out on [Actor[akka://Automator/user/$a#-427662452]] after [720000000 ms]. Sender[null] sent message of type "com.still.TraversalTestStart".
	at akka.pattern.PromiseActorRef$.$anonfun$defaultOnTimeout$1(AskSupport.scala:596)
	at akka.pattern.PromiseActorRef$.$anonfun$apply$1(AskSupport.scala:606)
	at akka.actor.Scheduler$$anon$4.run(Scheduler.scala:205)
	at akka.actor.LightArrayRevolverScheduler$TaskHolder.run(LightArrayRevolverScheduler.scala:337)
	at akka.actor.LightArrayRevolverScheduler.$anonfun$close$1(LightArrayRevolverScheduler.scala:141)
	at akka.actor.LightArrayRevolverScheduler.$anonfun$close$1$adapted(LightArrayRevolverScheduler.scala:140)
	at scala.collection.Iterator.foreach(Iterator.scala:944)
	at scala.collection.Iterator.foreach$(Iterator.scala:944)
	at scala.collection.AbstractIterator.foreach(Iterator.scala:1432)
	at scala.collection.IterableLike.foreach(IterableLike.scala:71)
	at scala.collection.IterableLike.foreach$(IterableLike.scala:70)
	at scala.collection.AbstractIterable.foreach(Iterable.scala:54)
	at akka.actor.LightArrayRevolverScheduler.close(LightArrayRevolverScheduler.scala:140)
	at akka.actor.ActorSystemImpl.stopScheduler(ActorSystem.scala:888)
	at akka.actor.ActorSystemImpl.$anonfun$_start$1(ActorSystem.scala:824)
	at scala.runtime.java8.JFunction0$mcV$sp.apply(JFunction0$mcV$sp.java:12)
	at akka.actor.ActorSystemImpl$$anon$3.run(ActorSystem.scala:843)
	at akka.actor.ActorSystemImpl$TerminationCallbacks$$anonfun$addRec$1$1.applyOrElse(ActorSystem.scala:1022)
	at akka.actor.ActorSystemImpl$TerminationCallbacks$$anonfun$addRec$1$1.applyOrElse(ActorSystem.scala:1022)
	at scala.concurrent.Future.$anonfun$andThen$1(Future.scala:532)
	at scala.concurrent.impl.Promise.liftedTree1$1(Promise.scala:29)
	at scala.concurrent.impl.Promise.$anonfun$transform$1(Promise.scala:29)
	at scala.concurrent.impl.CallbackRunnable.run(Promise.scala:60)
